2024-01-17 16:49:44,385 NanoPlot 1.41.6 started with arguments Namespace(threads=2, verbose=False, store=False, raw=False, huge=False, outdir='/mnt/shared/scratch/jnprice/rubus/nanoplot/highqual/', no_static=False, prefix='', tsv_stats=False, info_in_report=False, maxlength=None, minlength=None, drop_outliers=False, downsample=None, loglength=False, percentqual=False, alength=False, minqual=None, runtime_until=None, readtype='1D', barcoded=False, no_supplementary=False, color='#4CB391', colormap='Greens', format=['png'], plots=['kde', 'dot'], legacy=None, listcolors=False, listcolormaps=False, no_N50=False, N50=False, title=None, font_scale=1, dpi=100, hide_stats=False, fastq=['/mnt/shared/scratch/jnprice/rubus/Rsp4_highqual.fastq.gz'], fasta=None, fastq_rich=None, fastq_minimal=None, summary=None, bam=None, ubam=None, cram=None, pickle=None, feather=None, path='/mnt/shared/scratch/jnprice/rubus/nanoplot/highqual/')
2024-01-17 16:49:44,543 Python version is: 3.9.9 | packaged by conda-forge | (main, Dec 20 2021, 02:41:03)  [GCC 9.4.0]
2024-01-17 16:49:47,047 Nanoget: Starting to collect statistics from plain fastq file.
2024-01-17 16:49:47,223 Nanoget: Decompressing gzipped fastq /mnt/shared/scratch/jnprice/rubus/Rsp4_highqual.fastq.gz
2024-01-17 19:34:56,369 Reduced DataFrame memory usage from 76.72904205322266Mb to 51.15269470214844Mb
2024-01-17 19:34:56,665 Nanoget: Gathered all metrics of 3352343 reads
2024-01-17 19:34:58,452 Calculated statistics
2024-01-17 19:34:58,572 Using sequenced read lengths for plotting.
2024-01-17 19:34:58,854 NanoPlot:  Valid color #4CB391.
2024-01-17 19:34:58,909 NanoPlot:  Valid colormap Greens.
2024-01-17 19:34:59,149 NanoPlot:  Creating length plots for Read length.
2024-01-17 19:34:59,221 NanoPlot:  Using 3352343 reads maximum of 228703bp.
2024-01-17 19:36:31,800 Saved /mnt/shared/scratch/jnprice/rubus/nanoplot/highqual/WeightedHistogramReadlength  as png (or png for --legacy)
2024-01-17 19:37:39,825 Saved /mnt/shared/scratch/jnprice/rubus/nanoplot/highqual/WeightedLogTransformed_HistogramReadlength  as png (or png for --legacy)
2024-01-17 19:38:30,897 Saved /mnt/shared/scratch/jnprice/rubus/nanoplot/highqual/Non_weightedHistogramReadlength  as png (or png for --legacy)
2024-01-17 19:39:31,803 Saved /mnt/shared/scratch/jnprice/rubus/nanoplot/highqual/Non_weightedLogTransformed_HistogramReadlength  as png (or png for --legacy)
2024-01-17 19:42:20,489 Saved /mnt/shared/scratch/jnprice/rubus/nanoplot/highqual/Yield_By_Length  as png (or png for --legacy)
2024-01-17 19:42:20,518 Created length plots
2024-01-17 19:42:20,690 NanoPlot: Creating Read lengths vs Average read quality plots using 3352343 reads.
2024-01-17 19:43:33,552 Saved /mnt/shared/scratch/jnprice/rubus/nanoplot/highqual/LengthvsQualityScatterPlot_dot  as png (or png for --legacy)
2024-01-17 19:44:34,952 Saved /mnt/shared/scratch/jnprice/rubus/nanoplot/highqual/LengthvsQualityScatterPlot_kde  as png (or png for --legacy)
2024-01-17 19:44:35,171 Created LengthvsQual plot
2024-01-17 19:44:35,453 Writing html report.
2024-01-17 19:44:36,771 Finished!
